0	0
67	1
68	2
69	3
79	4
93	5
94	6
95	7
96	8
96	9
97	10
97	11
98	12
98	13
98	14
99	15
99	16
100	17
100	18
101	19
102	20
104	21
107	22
109	23
119	24
120	25
124	26
157	27
157	28
157	29
158	30
158	31
159	32
161	33
164	34
168	35
172	36
176	37
187	38
193	39
194	40
200	41
204	42
227	43
233	44
242	45
246	46
251	47
256	48
262	49
272	50
276	51
284	52
289	53
293	54
305	55
311	56
327	57
338	58
343	59
349	60
355	61
728	62
799	63
1142	64
1150	65
1154	66
1162	67
1170	68
1221	69
1313	70
1318	71
1328	72
1341	73
1346	74
1350	75
1359	76
1504	77
1617	78
1715	79
1733	80
1737	81
1775	82
1801	83
1828	84
1842	85
1848	86
1867	87
1872	88
1892	89
1901	90
1937	91
1947	92
1963	93
1973	94
1982	95
1992	96
2002	97
2018	98
2052	99
2087	100
2147	101
2173	102
2194	103
2206	104
2213	105
2219	106
2235	107
2242	108
2248	109
2253	110
2266	111
2272	112
2278	113
2285	114
2291	115
2298	116
2304	117
2311	118
2316	119
2324	120
2331	121
2349	122
2356	123
2373	124
2386	125
2393	126
2410	127
2417	128
2428	129
2441	130
2453	131
2471	132
2477	133
2502	134
2550	135
2572	136
2584	137
2595	138
2607	139
2611	140
2673	141
2686	142
2695	143
2700	144
2759	145
2774	146
2837	147
2841	148
2952	149
3216	150
3225	151
3231	152
3236	153
3243	154
3249	155
3256	156
3260	157
3271	158
3277	159
3284	160
3288	161
3293	162
3299	163
3302	164
3305	165
3310	166
3315	167
3326	168
3344	169
3349	170
3356	171
3360	172
3365	173
3370	174
3381	175
3387	176
3395	177
3403	178
3414	179
3419	180
3431	181
3435	182
3446	183
3451	184
3458	185
3467	186
3477	187
3549	188
3565	189
3578	190
3581	191
3628	192
3638	193
3680	194
3684	195
3688	196
3704	197
3757	198
3760	199
3797	200
3811	201
3976	202
4024	203
4036	204
4049	205
4053	206
4064	207
4084	208
4093	209
4098	210
4108	211
4137	212
4151	213
4177	214
4194	215
4243	216
4323	217
4389	218
4403	219
4414	220
4419	221
4424	222
4427	223
4431	224
4441	225
4450	226
4462	227
4471	228
4480	229
4518	230
4548	231
4640	232
4674	233
4681	234
4692	235
4701	236
4711	237
4723	238
4728	239
4751	240
4754	241
4771	242
4791	243
4823	244
4828	245
4833	246
4838	247
4842	248
4847	249
4853	250
4865	251
4882	252
4887	253
4898	254
4915	255
4919	256
5004	257
5213	258
5216	259
5221	260
5245	261
5261	262
5280	263
5407	264
5438	265
5494	266
5508	267
5535	268
5590	269
5669	270
5710	271
5726	272
5734	273
5765	274
5789	275
5853	276
5857	277
6014	278
6019	279
6022	280
6030	281
6032	282
6043	283
6045	284
6052	285
6055	286
6062	287
6065	288
6068	289
6073	290
6103	291
6119	292
6125	293
6132	294
6134	295
6139	296
6183	297
6261	298
6266	299
6271	300
6275	301
6287	302
6321	303
6397	304
6430	305
6488	306
6506	307
6513	308
6531	309
6589	310
6610	311
6650	312
6740	313
6771	314
6793	315
6797	316
6822	317
6835	318
6856	319
6872	320
6881	321
6895	322
6915	323
6926	324
6946	325
6982	326
6999	327
7010	328
7020	329
7028	330
7035	331
7044	332
7054	333
7070	334
7074	335
7078	336
7106	337
7150	338
7170	339
7175	340
7202	341
7211	342
7230	343
7300	344
7354	345
7357	346
7393	347
7400	348
7405	349
7408	350
7412	351
7459	352
7468	353
7475	354
7479	355
7487	356
7510	357
7554	358
7576	359
7584	360
7593	361
7602	362
7611	363
7628	364
7638	365
7642	366
7651	367
7662	368
7703	369
7729	370
7805	371
7809	372
7846	373
7892	374
7914	375
7992	376
8027	377
8050	378
8096	379
8128	380
8136	381
8139	382
8148	383
8191	384
8194	385
8198	386
8202	387
8217	388
8295	389
8389	390
8400	391
8413	392
8417	393
8431	394
8437	395
8450	396
8461	397
8472	398
8483	399
8490	400
8524	401
8529	402
8540	403
8570	404
8576	405
8581	406
8592	407
8655	408
8674	409
8689	410
8699	411
8706	412
8712	413
8718	414
8728	415
8739	416
8749	417
8762	418
8773	419
8785	420
8792	421
8816	422
8870	423
8911	424
8953	425
8960	426
8989	427
9007	428
9012	429
9026	430
9030	431
9062	432
9081	433
9120	434
9142	435
9155	436
9207	437
9232	438
9237	439
9251	440
9257	441
9305	442
9312	443
9332	444
9339	445
9381	446
9389	447
9410	448
9418	449
9422	450
9426	451
9444	452
9476	453
9590	454
9605	455
9614	456
9647	457
9656	458
9776	459
9787	460
9796	461
9799	462
9805	463
9823	464
9825	465
9828	466
9831	467
9838	468
9857	469
9864	470
9871	471
9875	472
9879	473
9894	474
9897	475
9902	476
9918	477
9925	478
9929	479
9930	480
9935	481
9955	482
10101	483
10145	484
10159	485
10191	486
10219	487
10258	488
10272	489
10275	490
10282	491
10331	492
10336	493
10350	494
10416	495
10445	496
10448	497
10458	498
10469	499
10484	500
10486	501
10501	502
10526	503
10556	504
10569	505
10595	506
10614	507
10668	508
10679	509
10683	510
10698	511
10703	512
10740	513
10743	514
10765	515
10779	516
10863	517
10873	518
10884	519
10891	520
10895	521
10903	522
10910	523
10918	524
10923	525
10953	526
10956	527
10967	528
11066	529
11069	530
11160	531
11209	532
11261	533
11312	534
11378	535
11386	536
11389	537
11399	538
11426	539
11430	540
11434	541
11445	542
11482	543
11487	544
11492	545
11497	546
11509	547
11523	548
11529	549
11535	550
11562	551
11573	552
11578	553
11583	554
11594	555
11625	556
11630	557
11635	558
11641	559
11659	560
11666	561
11688	562
11694	563
11822	564
11842	565
11853	566
11857	567
11866	568
11897	569
11901	570
11912	571
11936	572
12041	573
12074	574
12090	575
12118	576
12122	577
12138	578
12142	579
12152	580
12170	581
12179	582
12182	583
12190	584
12203	585
12240	586
12286	587
12290	588
12318	589
12351	590
12358	591
12363	592
12383	593
12392	594
12453	595
12457	596
12542	597
12587	598
12595	599
12600	600
12618	601
12641	602
12658	603
12664	604
12695	605
12702	606
12712	607
12717	608
12727	609
12764	610
12778	611
12812	612
12826	613
12864	614
12873	615
12885	616
12896	617
12914	618
12932	619
12998	620
13026	621
13031	622
13047	623
13052	624
13066	625
13071	626
13080	627
13128	628
13174	629
13199	630
13204	631
13232	632
13239	633
13321	634
13385	635
13390	636
13410	637
13414	638
13445	639
13452	640
13455	641
13464	642
13557	643
13585	644
13608	645
13650	646
13664	647
13667	648
13684	649
13689	650
13697	651
13701	652
13729	653
13778	654
13783	655
13833	656
13838	657
13847	658
13857	659
13871	660
13897	661
13928	662
13933	663
13956	664
13966	665
13977	666
14000	667
14006	668
14011	669
14036	670
14042	671
14046	672
14054	673
14066	674
14071	675
14079	676
14095	677
14101	678
14126	679
14142	680
14145	681
14187	682
14209	683
14234	684
14316	685
14323	686
14325	687
14345	688
14367	689
14408	690
14411	691
14419	692
14435	693
14453	694
14484	695
14499	696
14553	697
14577	698
14604	699
14610	700
14624	701
14696	702
14760	703
14766	704
14812	705
14872	706
14881	707
14906	708
14929	709
14934	710
14948	711
14967	712
15041	713
15046	714
15077	715
15113	716
15118	717
15123	718
15133	719
15187	720
15203	721
15221	722
15226	723
15258	724
15263	725
15267	726
15276	727
15281	728
15298	729
15303	730
15337	731
15361	732
15364	733
15419	734
15430	735
15447	736
15450	737
15465	738
15472	739
15475	740
15496	741
15500	742
15515	743
15536	744
15545	745
15565	746
15570	747
15573	748
15585	749
15588	750
15597	751
15600	752
15625	753
15628	754
15630	755
15659	756
15663	757
15672	758
15690	759
15723	760
15732	761
15813	762
15856	763
15901	764
15915	765
15925	766
15961	767
16030	768
16105	769
16116	770
16127	771
16205	772
16225	773
16229	774
16242	775
16268	776
16309	777
16323	778
16331	779
16383	780
16419	781
16446	782
16454	783
16489	784
16492	785
16572	786
16575	787
16579	788
16585	789
16593	790
16595	791
16609	792
16612	793
16615	794
16619	795
16625	796
16652	797
16655	798
16664	799
16667	800
16679	801
16693	802
16703	803
16707	804
16710	805
16726	806
16743	807
16750	808
16753	809
16782	810
16793	811
16803	812
16813	813
16833	814
16911	815
16926	816
16969	817
17070	818
17079	819
17086	820
17112	821
17123	822
17135	823
17169	824
17224	825
17241	826
17281	827
17286	828
17312	829
17330	830
17392	831
17396	832
17416	833
17420	834
17423	835
17437	836
17442	837
17450	838
17477	839
17539	840
17578	841
17626	842
17631	843
17714	844
17743	845
17788	846
17825	847
17830	848
17834	849
17843	850
17877	851
17882	852
17899	853
17929	854
17934	855
17944	856
17953	857
17964	858
17978	859
17983	860
17987	861
17992	862
18006	863
18012	864
18025	865
18030	866
18048	867
18056	868
18060	869
18078	870
18085	871
18088	872
18092	873
18115	874
18170	875
18248	876
18259	877
18287	878
18310	879
18314	880
18318	881
18329	882
18335	883
18343	884
18355	885
18367	886
18371	887
18393	888
18410	889
18502	890
18525	891
18589	892
18627	893
18704	894
18742	895
18795	896
18805	897
18814	898
18831	899
18846	900
18860	901
18864	902
18886	903
18896	904
18902	905
18906	906
18921	907
18949	908
18955	909
18958	910
18966	911
19034	912
19040	913
19062	914
19072	915
19076	916
19084	917
19091	918
19101	919
19104	920
19107	921
19131	922
19137	923
19176	924
19180	925
19191	926
19203	927
19207	928
19337	929
19439	930
19447	931
19450	932
19500	933
19507	934
19526	935
19541	936
19571	937
19590	938
19605	939
19621	940
19629	941
19632	942
19648	943
19653	944
19667	945
19699	946
19715	947
19742	948
19750	949
19760	950
19765	951
19770	952
19776	953
19813	954
19838	955
19843	956
19875	957
19885	958
19947	959
19952	960
19957	961
19967	962
19989	963
20015	964
20029	965
20050	966
20086	967
20089	968
20093	969
20111	970
20122	971
20137	972
20150	973
20152	974
20185	975
20203	976
20224	977
20279	978
20292	979
20383	980
20416	981
20419	982
20499	983
20505	984
20509	985
20513	986
20527	987
20549	988
20565	989
20583	990
20587	991
20616	992
20620	993
20638	994
20661	995
20729	996
20757	997
20760	998
20790	999
20793	1000
20811	1001
20830	1002
20834	1003
20852	1004
20915	1005
20920	1006
20930	1007
20997	1008
21010	1009
21014	1010
21074	1011
21086	1012
21091	1013
21118	1014
21123	1015
21159	1016
21170	1017
21175	1018
21180	1019
21185	1020
21198	1021
21210	1022
21214	1023
21231	1024
21240	1025
21245	1026
21305	1027
21325	1028
21346	1029
21351	1030
21382	1031
21459	1032
21469	1033
21474	1034
21484	1035
21487	1036
21512	1037
21576	1038
21590	1039
21620	1040
21637	1041
21670	1042
21678	1043
21698	1044
21749	1045
21754	1046
21763	1047
21775	1048
21787	1049
21792	1050
21808	1051
21817	1052
21857	1053
21881	1054
21884	1055
21897	1056
21905	1057
21977	1058
21999	1059
22027	1060
22032	1061
22070	1062
22089	1063
22093	1064
22097	1065
22159	1066
22208	1067
22219	1068
22222	1069
22245	1070
22258	1071
22263	1072
22279	1073
22285	1074
22321	1075
22326	1076
22351	1077
22406	1078
22413	1079
22417	1080
22508	1081
22520	1082
22545	1083
22549	1084
22560	1085
22574	1086
22578	1087
22603	1088
22612	1089
22631	1090
22667	1091
22703	1092
22706	1093
22746	1094
22755	1095
22763	1096
22777	1097
22790	1098
22873	1099
22899	1100
22908	1101
22955	1102
22959	1103
22968	1104
23039	1105
23041	1106
23051	1107
23062	1108
23082	1109
23095	1110
23097	1111
23104	1112
23119	1113
23129	1114
23136	1115
23144	1116
23219	1117
23235	1118
23268	1119
23278	1120
23298	1121
23323	1122
23345	1123
23360	1124
23374	1125
23409	1126
23442	1127
23471	1128
23476	1129
23489	1130
23529	1131
23552	1132
23584	1133
23678	1134
23699	1135
23712	1136
23716	1137
23733	1138
23742	1139
23745	1140
23754	1141
23771	1142
23782	1143
23801	1144
23807	1145
23813	1146
23835	1147
23853	1148
23865	1149
23918	1150
23922	1151
23927	1152
24003	1153
24031	1154
24056	1155
24120	1156
24133	1157
24157	1158
24168	1159
24189	1160
24214	1161
24229	1162
24247	1163
24270	1164
24292	1165
24309	1166
24349	1167
24406	1168
24411	1169
24441	1170
24468	1171
24475	1172
24478	1173
24500	1174
24508	1175
24523	1176
24527	1177
24530	1178
24534	1179
24538	1180
24573	1181
24585	1182
24598	1183
24604	1184
24620	1185
24624	1186
24627	1187
24663	1188
24668	1189
24685	1190
24713	1191
24758	1192
24784	1193
24789	1194
24794	1195
24835	1196
24887	1197
24969	1198
25007	1199
25051	1200
25056	1201
25083	1202
25108	1203
25116	1204
25119	1205
25131	1206
25140	1207
25144	1208
25215	1209
25230	1210
25251	1211
25266	1212
25270	1213
25285	1214
25292	1215
25299	1216
25302	1217
25313	1218
25352	1219
25358	1220
25368	1221
25381	1222
25388	1223
25392	1224
25411	1225
25434	1226
25440	1227
25490	1228
25494	1229
25602	1230
25631	1231
25677	1232
25727	1233
25731	1234
25740	1235
25797	1236
25800	1237
25805	1238
25831	1239
25852	1240
25867	1241
25926	1242
25947	1243
26008	1244
26074	1245
26091	1246
26096	1247
26110	1248
26136	1249
26143	1250
26149	1251
26159	1252
26182	1253
26190	1254
26215	1255
26273	1256
26288	1257
26296	1258
26310	1259
26317	1260
26332	1261
26338	1262
26345	1263
26363	1264
26368	1265
26371	1266
26378	1267
26385	1268
26388	1269
26396	1270
26402	1271
26466	1272
26471	1273
26473	1274
26478	1275
26501	1276
26508	1277
26517	1278
26541	1279
26544	1280
26561	1281
26587	1282
26640	1283
26651	1284
26758	1285
26762	1286
26800	1287
26816	1288
26820	1289
26830	1290
26857	1291
26872	1292
26960	1293
27026	1294
27031	1295
27056	1296
27070	1297
27086	1298
27100	1299
27110	1300
27118	1301
27132	1302
27143	1303
27151	1304
27195	1305
27204	1306
27214	1307
27344	1308
27358	1309
27363	1310
27374	1311
27378	1312
27395	1313
27415	1314
27420	1315
27424	1316
27441	1317
27446	1318
27454	1319
27488	1320
27498	1321
27561	1322
27585	1323
27589	1324
27661	1325
27675	1326
27700	1327
27718	1328
27724	1329
27731	1330
27747	1331
27752	1332
27763	1333
27767	1334
27782	1335
27788	1336
27792	1337
27825	1338
27830	1339
27867	1340
27875	1341
27880	1342
27898	1343
27904	1344
27914	1345
27919	1346
27979	1347
27984	1348
27988	1349
28012	1350
28024	1351
28029	1352
28044	1353
28049	1354
28084	1355
28135	1356
28140	1357
28248	1358
28258	1359
28270	1360
28280	1361
28366	1362
28383	1363
28399	1364
28408	1365
28415	1366
28420	1367
28522	1368
28529	1369
28537	1370
28561	1371
28616	1372
28625	1373
28647	1374
28705	1375
28715	1376
28721	1377
28740	1378
28764	1379
28828	1380
28836	1381
28851	1382
28856	1383
28870	1384
28881	1385
28885	1386
28908	1387
28913	1388
28919	1389
28931	1390
28949	1391
28961	1392
28970	1393
28977	1394
28982	1395
28986	1396
28994	1397
29008	1398
29018	1399
29024	1400
29029	1401
29037	1402
29046	1403
29066	1404
29116	1405
29122	1406
29142	1407
29148	1408
29162	1409
29213	1410
29308	1411
29327	1412
29334	1413
29342	1414
29366	1415
29392	1416
29407	1417
29417	1418
29427	1419
29434	1420
29464	1421
29476	1422
29485	1423
29488	1424
29513	1425
29553	1426
29626	1427
29655	1428
29666	1429
29739	1430
29765	1431
29769	1432
29800	1433
29810	1434
29846	1435
29854	1436
29857	1437
29862	1438
29872	1439
29882	1440
29889	1441
29891	1442
29910	1443
29919	1444
29922	1445
29930	1446
29945	1447
29947	1448
29959	1449
29963	1450
29985	1451
30125	1452
30177	1453
30261	1454
30299	1455
30313	1456
30332	1457
30361	1458
30365	1459
30394	1460
30398	1461
30417	1462
30426	1463
30436	1464
30449	1465
30477	1466
30482	1467
30517	1468
30537	1469
30545	1470
30553	1471
30579	1472
30583	1473
30594	1474
30654	1475
30660	1476
30680	1477
30685	1478
30690	1479
30699	1480
30725	1481
30757	1482
30796	1483
30803	1484
30808	1485
30814	1486
30823	1487
30834	1488
30838	1489
30877	1490
30901	1491
30905	1492
30935	1493
30944	1494
30950	1495
30956	1496
30961	1497
30973	1498
31084	1499
31094	1500
31099	1501
31104	1502
31118	1503
31127	1504
31135	1505
31149	1506
31174	1507
31244	1508
31282	1509
31295	1510
31310	1511
31315	1512
31319	1513
31325	1514
31329	1515
31356	1516
31362	1517
31379	1518
31385	1519
31418	1520
31490	1521
31494	1522
31591	1523
31617	1524
31653	1525
31664	1526
31745	1527
31775	1528
31826	1529
31835	1530
31839	1531
31863	1532
31905	1533
31914	1534
31918	1535
31930	1536
31959	1537
32021	1538
32035	1539
32080	1540
32084	1541
32128	1542
32156	1543
32159	1544
32182	1545
32185	1546
32189	1547
32205	1548
32229	1549
32252	1550
32288	1551
32302	1552
32314	1553
32358	1554
32361	1555
32382	1556
32413	1557
32423	1558
32427	1559
32443	1560
32450	1561
32475	1562
32503	1563
32510	1564
32528	1565
32534	1566
32542	1567
32548	1568
32561	1569
32579	1570
32585	1571
32601	1572
32614	1573
32642	1574
32659	1575
32672	1576
32684	1577
32705	1578
32710	1579
32716	1580
32732	1581
32743	1582
32757	1583
32771	1584
32777	1585
32792	1586
32804	1587
32820	1588
32840	1589
32845	1590
32895	1591
32919	1592
32929	1593
32942	1594
32945	1595
33080	1596
33194	1597
33260	1598
33340	1599
33351	1600
33399	1601
33420	1602
33430	1603
33453	1604
33457	1605
33464	1606
33475	1607
33496	1608
33522	1609
33527	1610
33531	1611
33552	1612
33563	1613
33596	1614
33604	1615
33618	1616
33623	1617
33627	1618
33633	1619
33658	1620
33690	1621
33706	1622
33713	1623
33754	1624
33783	1625
33823	1626
33832	1627
33920	1628
33924	1629
33949	1630
33953	1631
33965	1632
33982	1633
34004	1634
34017	1635
34021	1636
34038	1637
34046	1638
34053	1639
34076	1640
34096	1641
34102	1642
34110	1643
34125	1644
34139	1645
34146	1646
34154	1647
34165	1648
34166	1649
34172	1650
34178	1651
34222	1652
34251	1653
34328	1654
34352	1655
34388	1656
34405	1657
34408	1658
34420	1659
34507	1660
34535	1661
34589	1662
34592	1663
34613	1664
34633	1665
34638	1666
34655	1667
34665	1668
34671	1669
34682	1670
34695	1671
34706	1672
34729	1673
34735	1674
34745	1675
34820	1676
34836	1677
34841	1678
34850	1679
34865	1680
34871	1681
34881	1682
34892	1683
34908	1684
34917	1685
34926	1686
34932	1687
34946	1688
34951	1689
35051	1690
35057	1691
35064	1692
35068	1693
35073	1694
35144	1695
35177	1696
35222	1697
35242	1698
35248	1699
35270	1700
35286	1701
35311	1702
35333	1703
35336	1704
35338	1705
35340	1706
35350	1707
35355	1708
35359	1709
35371	1710
35395	1711
35399	1712
35418	1713
35452	1714
35486	1715
35489	1716
35495	1717
35536	1718
35542	1719
35547	1720
35569	1721
35572	1722
35655	1723
35682	1724
35684	1725
35701	1726
35755	1727
35762	1728
35801	1729
35849	1730
35859	1731
35879	1732
35913	1733
35928	1734
35952	1735
35986	1736
36006	1737
36023	1738
36043	1739
36091	1740
36163	1741
36243	1742
36288	1743
36296	1744
36304	1745
36308	1746
36320	1747
36328	1748
36342	1749
36345	1750
36356	1751
36368	1752
36372	1753
36376	1754
36384	1755
36391	1756
36400	1757
36415	1758
36511	1759
36516	1760
36521	1761
36526	1762
36547	1763
36553	1764
36566	1765
36584	1766
36589	1767
36624	1768
36629	1769
36634	1770
36638	1771
36642	1772
36648	1773
36660	1774
36669	1775
36702	1776
36752	1777
36757	1778
36773	1779
36790	1780
36805	1781
36823	1782
36896	1783
36911	1784
36946	1785
36971	1786
36976	1787
37018	1788
37038	1789
37054	1790
37096	1791
37106	1792
37110	1793
37124	1794
37137	1795
37140	1796
37152	1797
37256	1798
37291	1799
37294	1800
37299	1801
37313	1802
37327	1803
37353	1804
37367	1805
37372	1806
37381	1807
37399	1808
37432	1809
37436	1810
37440	1811
37550	1812
37618	1813
37622	1814
37709	1815
37759	1816
37769	1817
37774	1818
37798	1819
37804	1820
37815	1821
37823	1822
37828	1823
37838	1824
37850	1825
37887	1826
37896	1827
37912	1828
37917	1829
37921	1830
37945	1831
37956	1832
37960	1833
37967	1834
37970	1835
37978	1836
37992	1837
38018	1838
38068	1839
38106	1840
38117	1841
38140	1842
38160	1843
38180	1844
38205	1845
38210	1846
38224	1847
38234	1848
38259	1849
38268	1850
38286	1851
38291	1852
38313	1853
38361	1854
38412	1855
38417	1856
38428	1857
38440	1858
38502	1859
38557	1860
38563	1861
38588	1862
38601	1863
38614	1864
38665	1865
38720	1866
38726	1867
38736	1868
38748	1869
38759	1870
38785	1871
38799	1872
38813	1873
38816	1874
38822	1875
38828	1876
38848	1877
38854	1878
38865	1879
38896	1880
38916	1881
38927	1882
38938	1883
38950	1884
38956	1885
38967	1886
39003	1887
39033	1888
39079	1889
39091	1890
39161	1891
39173	1892
39183	1893
39189	1894
39203	1895
39233	1896
39257	1897
39287	1898
39291	1899
39297	1900
39309	1901
39316	1902
39321	1903
39362	1904
39382	1905
39388	1906
39393	1907
39459	1908
39468	1909
39484	1910
39487	1911
39493	1912
39514	1913
39521	1914
39558	1915
39583	1916
39673	1917
39726	1918
39731	1919
39741	1920
39745	1921
39766	1922
39771	1923
39798	1924
39826	1925
39895	1926
39908	1927
39921	1928
39926	1929
39985	1930
39999	1931
40036	1932
40043	1933
40061	1934
40064	1935
40074	1936
40096	1937
40145	1938
40199	1939
40206	1940
40211	1941
40247	1942
40252	1943
40260	1944
40273	1945
40286	1946
40335	1947
40368	1948
40385	1949
40390	1950
40398	1951
40429	1952
40436	1953
40440	1954
40449	1955
40457	1956
40461	1957
40466	1958
40470	1959
40511	1960
40536	1961
40542	1962
40594	1963
40600	1964
40632	1965
40636	1966
40661	1967
40680	1968
40693	1969
40715	1970
40721	1971
40732	1972
40764	1973
40793	1974
40812	1975
40833	1976
40915	1977
40922	1978
40940	1979
40945	1980
41034	1981
41072	1982
41085	1983
41095	1984
41121	1985
41146	1986
41162	1987
41183	1988
41188	1989
41192	1990
41203	1991
41218	1992
41223	1993
41245	1994
41250	1995
41258	1996
41280	1997
41288	1998
41304	1999
41334	2000
41362	2001
41430	2002
41456	2003
41465	2004
41487	2005
41497	2006
41528	2007
41556	2008
41576	2009
41591	2010
41641	2011
41654	2012
41663	2013
41748	2014
41752	2015
41760	2016
41774	2017
41781	2018
41787	2019
41810	2020
41819	2021
41823	2022
41844	2023
41853	2024
41857	2025
41890	2026
41917	2027
41939	2028
41944	2029
41960	2030
41966	2031
41971	2032
41991	2033
42004	2034
42025	2035
42048	2036
42053	2037
42097	2038
42101	2039
42109	2040
42135	2041
42179	2042
42198	2043
42207	2044
42251	2045
42262	2046
42267	2047
42285	2048
42310	2049
42323	2050
42359	2051
42396	2052
42449	2053
42518	2054
42540	2055
42559	2056
42647	2057
42661	2058
42665	2059
42692	2060
42715	2061
42745	2062
42775	2063
42780	2064
42801	2065
42804	2066
42816	2067
42835	2068
42838	2069
42850	2070
42875	2071
42887	2072
42907	2073
42908	2074
42910	2075
42914	2076
42947	2077
42960	2078
42982	2079
42987	2080
43013	2081
43036	2082
43038	2083
43065	2084
43147	2085
43149	2086
43151	2087
43220	2088
43256	2089
43259	2090
43262	2091
43286	2092
43367	2093
43385	2094
43398	2095
43423	2096
43426	2097
43432	2098
43439	2099
43466	2100
43470	2101
43488	2102
43492	2103
43501	2104
43515	2105
43518	2106
43531	2107
43544	2108
43567	2109
43643	2110
43677	2111
43695	2112
43741	2113
43745	2114
43755	2115
43808	2116
43879	2117
43887	2118
43891	2119
43907	2120
43911	2121
43921	2122
43943	2123
43976	2124
43979	2125
44000	2126
44003	2127
44005	2128
44035	2129
44038	2130
44073	2131
44110	2132
44113	2133
44119	2134
44128	2135
44137	2136
44146	2137
44162	2138
44183	2139
44186	2140
44198	2141
44260	2142
44283	2143
44362	2144
44419	2145
44441	2146
44487	2147
44498	2148
44513	2149
44518	2150
44570	2151
44579	2152
44592	2153
44600	2154
44615	2155
44619	2156
44631	2157
44698	2158
44701	2159
44754	2160
44784	2161
44823	2162
44863	2163
44867	2164
44871	2165
44874	2166
44897	2167
44901	2168
44905	2169
44915	2170
44926	2171
44945	2172
45012	2173
45068	2174
45073	2175
45145	2176
45148	2177
45156	2178
45160	2179
45170	2180
45190	2181
45199	2182
45222	2183
45226	2184
45244	2185
45249	2186
45255	2187
45265	2188
45312	2189
45360	2190
45378	2191
45455	2192
45478	2193
45494	2194
45499	2195
45515	2196
45547	2197
45563	2198
45568	2199
45605	2200
45625	2201
45648	2202
45675	2203
45684	2204
45718	2205
45721	2206
45732	2207
45789	2208
45810	2209
45817	2210
45822	2211
45880	2212
45900	2213
45923	2214
45940	2215
45955	2216
45966	2217
45996	2218
46000	2219
46014	2220
46039	2221
46042	2222
46072	2223
46074	2224
46109	2225
46150	2226
46158	2227
46161	2228
46175	2229
46206	2230
46208	2231
46213	2232
46244	2233
46301	2234
46310	2235
46359	2236
46405	2237
46411	2238
46437	2239
46474	2240
46487	2241
46608	2242
46688	2243
46705	2244
46709	2245
46747	2246
46760	2247
46804	2248
46810	2249
46816	2250
46845	2251
46852	2252
46869	2253
46910	2254
46919	2255
46928	2256
46938	2257
46984	2258
47001	2259
47144	2260
47161	2261
47362	2262
47366	2263
47388	2264
47410	2265
47462	2266
47468	2267
47516	2268
47538	2269
47543	2270
47559	2271
47570	2272
47575	2273
47589	2274
47593	2275
47608	2276
47613	2277
47627	2278
47644	2279
47657	2280
47665	2281
47692	2282
47699	2283
47714	2284
47721	2285
47737	2286
47769	2287
47784	2288
47805	2289
47811	2290
47815	2291
47824	2292
47829	2293
47832	2294
47838	2295
47841	2296
47851	2297
47853	2298
47856	2299
47870	2300
47918	2301
47947	2302
47952	2303
48023	2304
48077	2305
48080	2306
48108	2307
48137	2308
48161	2309
48174	2310
48325	2311
48432	2312
48462	2313
48480	2314
48534	2315
48539	2316
48563	2317
48585	2318
48599	2319
48643	2320
48649	2321
48654	2322
48666	2323
