0	0
228	1
718	2
792	3
1128	4
1137	5
1147	6
1158	7
1168	8
1214	9
1308	10
1311	11
1323	12
1325	13
1333	14
1337	15
1355	16
1499	17
1611	18
1691	19
1699	20
1705	21
1708	22
1718	23
1728	24
1740	25
1748	26
1754	27
1760	28
1766	29
1777	30
1784	31
1793	32
1803	33
1811	34
1819	35
1830	36
1836	37
1855	38
1861	39
1881	40
1886	41
1911	42
1927	43
2011	44
2030	45
2043	46
2064	47
2096	48
2109	49
2115	50
2125	51
2132	52
2138	53
2157	54
2167	55
2179	56
2185	57
2190	58
2200	59
2229	60
2260	61
2337	62
2343	63
2362	64
2367	65
2380	66
2398	67
2405	68
2423	69
2435	70
2447	71
2459	72
2465	73
2494	74
2543	75
2566	76
2579	77
2586	78
2597	79
2603	80
2665	81
2677	82
2682	83
2691	84
2752	85
2766	86
2827	87
2832	88
2945	89
3188	90
3196	91
3201	92
3205	93
3207	94
3210	95
3212	96
3214	97
3224	98
3229	99
3239	100
3248	101
3254	102
3264	103
3265	104
3266	105
3268	106
3275	107
3297	108
3319	109
3331	110
3334	111
3336	112
3339	113
3342	114
3375	115
3378	116
3392	117
3400	118
3408	119
3411	120
3424	121
3427	122
3440	123
3443	124
3455	125
3461	126
3471	127
3545	128
3561	129
3569	130
3573	131
3619	132
3630	133
3666	134
3670	135
3675	136
3693	137
3746	138
3752	139
3789	140
3805	141
3970	142
4019	143
4028	144
4040	145
4045	146
4057	147
4074	148
4080	149
4088	150
4103	151
4133	152
4142	153
4170	154
4181	155
4235	156
4313	157
4371	158
4376	159
4379	160
4383	161
4393	162
4399	163
4408	164
4435	165
4445	166
4455	167
4466	168
4475	169
4513	170
4542	171
4634	172
4663	173
4669	174
4677	175
4685	176
4696	177
4706	178
4714	179
4733	180
4739	181
4744	182
4760	183
4766	184
4777	185
4785	186
4796	187
4804	188
4810	189
4816	190
4858	191
4870	192
4875	193
4892	194
4903	195
4909	196
4998	197
5118	198
5184	199
5204	200
5233	201
5250	202
5269	203
5396	204
5426	205
5489	206
5503	207
5519	208
5564	209
5654	210
5699	211
5706	212
5729	213
5749	214
5778	215
5832	216
5836	217
5930	218
5963	219
5966	220
5971	221
5978	222
5981	223
5987	224
5990	225
6011	226
6024	227
6039	228
6049	229
6059	230
6095	231
6106	232
6111	233
6123	234
6129	235
6130	236
6177	237
6232	238
6237	239
6250	240
6252	241
6279	242
6311	243
6383	244
6420	245
6479	246
6499	247
6504	248
6523	249
6579	250
6604	251
6643	252
6728	253
6764	254
6787	255
6789	256
6816	257
6827	258
6847	259
6864	260
6871	261
6886	262
6903	263
6921	264
6937	265
6972	266
6988	267
7005	268
7008	269
7017	270
7019	271
7027	272
7049	273
7059	274
7064	275
7067	276
7097	277
7144	278
7164	279
7169	280
7195	281
7206	282
7223	283
7292	284
7346	285
7348	286
7385	287
7391	288
7396	289
7399	290
7404	291
7451	292
7462	293
7463	294
7472	295
7484	296
7505	297
7549	298
7571	299
7581	300
7588	301
7598	302
7606	303
7618	304
7623	305
7633	306
7645	307
7655	308
7693	309
7722	310
7794	311
7799	312
7839	313
7885	314
7907	315
7986	316
8021	317
8044	318
8089	319
8116	320
8122	321
8130	322
8143	323
8167	324
8173	325
8179	326
8185	327
8213	328
8290	329
8384	330
8392	331
8404	332
8408	333
8422	334
8427	335
8443	336
8446	337
8456	338
8467	339
8479	340
8512	341
8520	342
8534	343
8556	344
8560	345
8565	346
8587	347
8650	348
8661	349
8665	350
8669	351
8679	352
8684	353
8695	354
8724	355
8733	356
8744	357
8754	358
8767	359
8778	360
8781	361
8809	362
8861	363
8904	364
8945	365
8949	366
8984	367
9000	368
9004	369
9017	370
9022	371
9054	372
9072	373
9113	374
9134	375
9146	376
9196	377
9224	378
9228	379
9243	380
9247	381
9291	382
9299	383
9319	384
9324	385
9371	386
9384	387
9400	388
9403	389
9406	390
9414	391
9438	392
9470	393
9583	394
9598	395
9608	396
9638	397
9650	398
9762	399
9766	400
9780	401
9790	402
9793	403
9803	404
9812	405
9816	406
9819	407
9833	408
9842	409
9848	410
9851	411
9854	412
9860	413
9867	414
9884	415
9888	416
9906	417
9909	418
9913	419
9923	420
9932	421
9948	422
10093	423
10134	424
10151	425
10183	426
10211	427
10248	428
10261	429
10265	430
10268	431
10304	432
10310	433
10342	434
10409	435
10434	436
10438	437
10453	438
10461	439
10474	440
10479	441
10493	442
10517	443
10551	444
10561	445
10589	446
10609	447
10663	448
10672	449
10676	450
10687	451
10694	452
10726	453
10730	454
10756	455
10774	456
10859	457
10866	458
10877	459
10880	460
10887	461
10899	462
10907	463
10913	464
10916	465
10946	466
10949	467
10961	468
11059	469
11062	470
11153	471
11202	472
11251	473
11302	474
11371	475
11380	476
11384	477
11392	478
11410	479
11414	480
11417	481
11423	482
11438	483
11451	484
11457	485
11462	486
11469	487
11476	488
11502	489
11516	490
11543	491
11549	492
11556	493
11568	494
11589	495
11600	496
11606	497
11613	498
11619	499
11648	500
11654	501
11673	502
11682	503
11815	504
11831	505
11838	506
11847	507
11862	508
11883	509
11892	510
11906	511
11929	512
12034	513
12066	514
12082	515
12109	516
12115	517
12126	518
12130	519
12134	520
12161	521
12166	522
12174	523
12186	524
12195	525
12232	526
12279	527
12283	528
12307	529
12341	530
12347	531
12355	532
12377	533
12388	534
12442	535
12450	536
12533	537
12580	538
12584	539
12592	540
12610	541
12633	542
12651	543
12653	544
12685	545
12688	546
12699	547
12707	548
12722	549
12750	550
12772	551
12807	552
12819	553
12850	554
12862	555
12882	556
12892	557
12906	558
12926	559
12991	560
13019	561
13023	562
13039	563
13043	564
13059	565
13062	566
13077	567
13121	568
13167	569
13190	570
13196	571
13223	572
13229	573
13313	574
13374	575
13381	576
13402	577
13405	578
13432	579
13440	580
13448	581
13460	582
13550	583
13578	584
13600	585
13642	586
13654	587
13659	588
13672	589
13676	590
13680	591
13693	592
13719	593
13767	594
13773	595
13823	596
13829	597
13843	598
13852	599
13863	600
13885	601
13917	602
13923	603
13941	604
13947	605
13961	606
13983	607
13989	608
13996	609
14018	610
14024	611
14029	612
14050	613
14059	614
14063	615
14075	616
14087	617
14091	618
14116	619
14133	620
14136	621
14181	622
14202	623
14227	624
14306	625
14312	626
14319	627
14336	628
14359	629
14397	630
14406	631
14413	632
14429	633
14446	634
14478	635
14493	636
14547	637
14570	638
14595	639
14608	640
14618	641
14689	642
14753	643
14763	644
14808	645
14866	646
14876	647
14899	648
14919	649
14924	650
14941	651
14958	652
15031	653
15036	654
15069	655
15100	656
15105	657
15110	658
15128	659
15178	660
15196	661
15211	662
15216	663
15231	664
15237	665
15241	666
15247	667
15252	668
15286	669
15291	670
15328	671
15348	672
15356	673
15411	674
15422	675
15440	676
15443	677
15457	678
15461	679
15468	680
15488	681
15494	682
15508	683
15529	684
15542	685
15557	686
15560	687
15563	688
15578	689
15581	690
15590	691
15593	692
15616	693
15618	694
15623	695
15652	696
15654	697
15665	698
15683	699
15717	700
15727	701
15805	702
15853	703
15894	704
15907	705
15919	706
15954	707
16020	708
16098	709
16110	710
16120	711
16197	712
16217	713
16221	714
16234	715
16261	716
16301	717
16313	718
16327	719
16376	720
16412	721
16440	722
16450	723
16483	724
16485	725
16562	726
16566	727
16569	728
16581	729
16588	730
16589	731
16598	732
16601	733
16603	734
16606	735
16622	736
16644	737
16647	738
16650	739
16662	740
16673	741
16689	742
16696	743
16700	744
16705	745
16716	746
16739	747
16745	748
16748	749
16779	750
16787	751
16798	752
16806	753
16827	754
16905	755
16919	756
16962	757
17067	758
17073	759
17082	760
17104	761
17117	762
17127	763
17162	764
17220	765
17234	766
17273	767
17277	768
17302	769
17323	770
17383	771
17387	772
17402	773
17406	774
17412	775
17430	776
17434	777
17446	778
17467	779
17528	780
17569	781
17599	782
17612	783
17706	784
17732	785
17780	786
17811	787
17815	788
17820	789
17839	790
17868	791
17872	792
17891	793
17911	794
17917	795
17922	796
17926	797
17939	798
17948	799
17959	800
17969	801
17975	802
17996	803
18001	804
18015	805
18020	806
18035	807
18043	808
18052	809
18064	810
18068	811
18072	812
18081	813
18105	814
18161	815
18240	816
18251	817
18277	818
18300	819
18305	820
18308	821
18320	822
18325	823
18339	824
18348	825
18359	826
18362	827
18389	828
18406	829
18496	830
18519	831
18583	832
18621	833
18695	834
18735	835
18787	836
18802	837
18809	838
18826	839
18839	840
18850	841
18856	842
18880	843
18889	844
18893	845
18899	846
18914	847
18935	848
18939	849
18945	850
18962	851
19023	852
19030	853
19049	854
19059	855
19066	856
19069	857
19081	858
19087	859
19094	860
19097	861
19122	862
19125	863
19166	864
19172	865
19184	866
19195	867
19199	868
19329	869
19427	870
19436	871
19443	872
19490	873
19494	874
19518	875
19534	876
19564	877
19579	878
19595	879
19612	880
19617	881
19625	882
19637	883
19643	884
19660	885
19695	886
19708	887
19720	888
19729	889
19733	890
19738	891
19745	892
19755	893
19801	894
19827	895
19833	896
19869	897
19880	898
19935	899
19939	900
19943	901
19963	902
19985	903
20010	904
20020	905
20043	906
20076	907
20080	908
20083	909
20104	910
20114	911
20132	912
20142	913
20147	914
20178	915
20196	916
20219	917
20272	918
20285	919
20375	920
20408	921
20411	922
20490	923
20493	924
20495	925
20502	926
20516	927
20542	928
20557	929
20570	930
20573	931
20605	932
20612	933
20630	934
20653	935
20717	936
20749	937
20751	938
20782	939
20785	940
20804	941
20817	942
20822	943
20845	944
20906	945
20910	946
20926	947
20986	948
21002	949
21005	950
21060	951
21069	952
21082	953
21107	954
21114	955
21145	956
21150	957
21154	958
21163	959
21167	960
21193	961
21202	962
21206	963
21220	964
21226	965
21235	966
21298	967
21320	968
21338	969
21343	970
21374	971
21446	972
21461	973
21465	974
21478	975
21481	976
21504	977
21569	978
21584	979
21614	980
21630	981
21661	982
21673	983
21692	984
21742	985
21747	986
21756	987
21770	988
21779	989
21784	990
21800	991
21811	992
21850	993
21875	994
21879	995
21889	996
21902	997
21970	998
21991	999
22015	1000
22020	1001
22061	1002
22075	1003
22081	1004
22085	1005
22150	1006
22197	1007
22212	1008
22215	1009
22235	1010
22240	1011
22252	1012
22269	1013
22274	1014
22302	1015
22316	1016
22344	1017
22393	1018
22398	1019
22402	1020
22499	1021
22514	1022
22534	1023
22540	1024
22553	1025
22565	1026
22569	1027
22595	1028
22607	1029
22623	1030
22659	1031
22692	1032
22698	1033
22723	1034
22750	1035
22759	1036
22770	1037
22783	1038
22866	1039
22892	1040
22904	1041
22949	1042
22952	1043
22962	1044
23031	1045
23034	1046
23044	1047
23058	1048
23076	1049
23085	1050
23089	1051
23092	1052
23110	1053
23120	1054
23131	1055
23140	1056
23216	1057
23231	1058
23264	1059
23275	1060
23292	1061
23317	1062
23338	1063
23353	1064
23366	1065
23400	1066
23431	1067
23461	1068
23466	1069
23480	1070
23517	1071
23545	1072
23577	1073
23670	1074
23690	1075
23703	1076
23707	1077
23722	1078
23728	1079
23737	1080
23749	1081
23765	1082
23776	1083
23785	1084
23789	1085
23794	1086
23824	1087
23845	1088
23859	1089
23902	1090
23907	1091
23912	1092
23997	1093
24022	1094
24052	1095
24111	1096
24126	1097
24152	1098
24163	1099
24180	1100
24202	1101
24219	1102
24242	1103
24262	1104
24284	1105
24305	1106
24344	1107
24392	1108
24401	1109
24432	1110
24458	1111
24464	1112
24472	1113
24482	1114
24486	1115
24489	1116
24494	1117
24504	1118
24512	1119
24518	1120
24562	1121
24568	1122
24579	1123
24594	1124
24608	1125
24612	1126
24616	1127
24656	1128
24659	1129
24677	1130
24703	1131
24717	1132
24720	1133
24732	1134
24776	1135
24826	1136
24880	1137
24961	1138
24997	1139
25040	1140
25045	1141
25076	1142
25096	1143
25104	1144
25112	1145
25122	1146
25127	1147
25136	1148
25208	1149
25225	1150
25240	1151
25260	1152
25263	1153
25274	1154
25282	1155
25288	1156
25295	1157
25306	1158
25343	1159
25346	1160
25356	1161
25371	1162
25377	1163
25379	1164
25400	1165
25423	1166
25425	1167
25480	1168
25483	1169
25594	1170
25621	1171
25669	1172
25708	1173
25720	1174
25735	1175
25784	1176
25787	1177
25794	1178
25826	1179
25840	1180
25848	1181
25916	1182
25941	1183
26002	1184
26069	1185
26083	1186
26086	1187
26103	1188
26123	1189
26130	1190
26133	1191
26154	1192
26175	1193
26180	1194
26208	1195
26263	1196
26281	1197
26283	1198
26302	1199
26305	1200
26320	1201
26324	1202
26329	1203
26357	1204
26360	1205
26366	1206
26373	1207
26376	1208
26382	1209
26391	1210
26393	1211
26454	1212
26462	1213
26464	1214
26468	1215
26493	1216
26497	1217
26506	1218
26536	1219
26539	1220
26556	1221
26584	1222
26637	1223
26648	1224
26750	1225
26754	1226
26794	1227
26804	1228
26807	1229
26826	1230
26847	1231
26862	1232
26952	1233
27015	1234
27021	1235
27041	1236
27047	1237
27052	1238
27063	1239
27079	1240
27093	1241
27128	1242
27130	1243
27148	1244
27186	1245
27189	1246
27201	1247
27329	1248
27350	1249
27354	1250
27368	1251
27371	1252
27388	1253
27405	1254
27408	1255
27411	1256
27429	1257
27437	1258
27449	1259
27481	1260
27493	1261
27553	1262
27576	1263
27581	1264
27653	1265
27666	1266
27691	1267
27705	1268
27709	1269
27715	1270
27737	1271
27741	1272
27744	1273
27759	1274
27769	1275
27774	1276
27778	1277
27817	1278
27821	1279
27859	1280
27863	1281
27871	1282
27885	1283
27894	1284
27900	1285
27909	1286
27966	1287
27972	1288
27976	1289
28004	1290
28017	1291
28021	1292
28036	1293
28039	1294
28075	1295
28118	1296
28132	1297
28241	1298
28254	1299
28264	1300
28276	1301
28360	1302
28377	1303
28391	1304
28394	1305
28397	1306
28405	1307
28514	1308
28521	1309
28534	1310
28553	1311
28609	1312
28621	1313
28639	1314
28698	1315
28701	1316
28712	1317
28735	1318
28758	1319
28822	1320
28833	1321
28842	1322
28846	1323
28860	1324
28865	1325
28875	1326
28889	1327
28894	1328
28901	1329
28924	1330
28935	1331
28944	1332
28947	1333
28955	1334
28958	1335
28967	1336
28992	1337
29000	1338
29003	1339
29006	1340
29016	1341
29035	1342
29043	1343
29060	1344
29110	1345
29112	1346
29137	1347
29139	1348
29153	1349
29206	1350
29301	1351
29315	1352
29320	1353
29339	1354
29360	1355
29384	1356
29400	1357
29412	1358
29422	1359
29431	1360
29455	1361
29459	1362
29471	1363
29480	1364
29502	1365
29544	1366
29621	1367
29648	1368
29659	1369
29730	1370
29751	1371
29759	1372
29794	1373
29803	1374
29825	1375
29829	1376
29834	1377
29839	1378
29848	1379
29867	1380
29875	1381
29884	1382
29894	1383
29904	1384
29913	1385
29924	1386
29931	1387
29935	1388
29941	1389
29950	1390
29970	1391
30114	1392
30169	1393
30255	1394
30293	1395
30307	1396
30327	1397
30351	1398
30356	1399
30381	1400
30389	1401
30409	1402
30420	1403
30431	1404
30440	1405
30468	1406
30473	1407
30511	1408
30529	1409
30533	1410
30549	1411
30569	1412
30574	1413
30588	1414
30644	1415
30649	1416
30664	1417
30670	1418
30675	1419
30695	1420
30721	1421
30749	1422
30785	1423
30791	1424
30794	1425
30801	1426
30819	1427
30827	1428
30830	1429
30868	1430
30889	1431
30892	1432
30924	1433
30933	1434
30942	1435
30942	1436
30943	1437
30959	1438
31075	1439
31089	1440
31091	1441
31094	1442
31109	1443
31113	1444
31125	1445
31132	1446
31161	1447
31232	1448
31271	1449
31286	1450
31301	1451
31301	1452
31306	1453
31308	1454
31314	1455
31343	1456
31352	1457
31372	1458
31374	1459
31411	1460
31484	1461
31488	1462
31586	1463
31610	1464
31648	1465
31658	1466
31734	1467
31769	1468
31815	1469
31821	1470
31830	1471
31856	1472
31895	1473
31900	1474
31908	1475
31922	1476
31948	1477
32014	1478
32025	1479
32069	1480
32076	1481
32120	1482
32145	1483
32151	1484
32162	1485
32170	1486
32176	1487
32195	1488
32217	1489
32246	1490
32282	1491
32296	1492
32305	1493
32348	1494
32354	1495
32374	1496
32401	1497
32405	1498
32408	1499
32418	1500
32435	1501
32457	1502
32462	1503
32469	1504
32484	1505
32490	1506
32496	1507
32519	1508
32554	1509
32567	1510
32573	1511
32594	1512
32607	1513
32635	1514
32653	1515
32664	1516
32678	1517
32689	1518
32695	1519
32700	1520
32721	1521
32727	1522
32737	1523
32752	1524
32765	1525
32784	1526
32798	1527
32809	1528
32813	1529
32826	1530
32887	1531
32909	1532
32924	1533
32934	1534
32939	1535
33073	1536
33189	1537
33233	1538
33335	1539
33345	1540
33394	1541
33413	1542
33423	1543
33444	1544
33449	1545
33461	1546
33468	1547
33490	1548
33511	1549
33515	1550
33519	1551
33544	1552
33559	1553
33589	1554
33593	1555
33609	1556
33612	1557
33620	1558
33630	1559
33651	1560
33682	1561
33700	1562
33702	1563
33746	1564
33779	1565
33814	1566
33825	1567
33914	1568
33917	1569
33939	1570
33946	1571
33957	1572
33978	1573
33995	1574
33999	1575
34007	1576
34012	1577
34027	1578
34031	1579
34059	1580
34064	1581
34071	1582
34085	1583
34090	1584
34116	1585
34132	1586
34149	1587
34155	1588
34160	1589
34167	1590
34173	1591
34211	1592
34243	1593
34321	1594
34345	1595
34378	1596
34396	1597
34400	1598
34414	1599
34499	1600
34527	1601
34582	1602
34585	1603
34605	1604
34624	1605
34629	1606
34646	1607
34651	1608
34660	1609
34676	1610
34688	1611
34700	1612
34717	1613
34723	1614
34739	1615
34814	1616
34825	1617
34830	1618
34846	1619
34856	1620
34860	1621
34876	1622
34887	1623
34897	1624
34903	1625
34912	1626
34921	1627
34936	1628
34942	1629
35028	1630
35034	1631
35039	1632
35043	1633
35047	1634
35139	1635
35170	1636
35211	1637
35234	1638
35238	1639
35263	1640
35277	1641
35301	1642
35325	1643
35327	1644
35330	1645
35332	1646
35342	1647
35349	1648
35351	1649
35363	1650
35386	1651
35387	1652
35410	1653
35441	1654
35476	1655
35476	1656
35481	1657
35525	1658
35526	1659
35537	1660
35560	1661
35565	1662
35648	1663
35668	1664
35670	1665
35693	1666
35743	1667
35752	1668
35793	1669
35840	1670
35852	1671
35872	1672
35906	1673
35919	1674
35945	1675
35977	1676
35993	1677
36014	1678
36033	1679
36084	1680
36155	1681
36234	1682
36278	1683
36283	1684
36293	1685
36301	1686
36313	1687
36316	1688
36332	1689
36337	1690
36349	1691
36353	1692
36360	1693
36364	1694
36380	1695
36388	1696
36395	1697
36407	1698
36491	1699
36496	1700
36501	1701
36506	1702
36534	1703
36540	1704
36560	1705
36572	1706
36578	1707
36594	1708
36599	1709
36605	1710
36610	1711
36614	1712
36620	1713
36653	1714
36664	1715
36698	1716
36737	1717
36746	1718
36763	1719
36783	1720
36795	1721
36816	1722
36890	1723
36905	1724
36938	1725
36960	1726
36963	1727
37011	1728
37031	1729
37047	1730
37090	1731
37100	1732
37104	1733
37117	1734
37131	1735
37135	1736
37146	1737
37249	1738
37283	1739
37285	1740
37290	1741
37304	1742
37320	1743
37346	1744
37359	1745
37361	1746
37370	1747
37390	1748
37425	1749
37428	1750
37434	1751
37545	1752
37609	1753
37614	1754
37704	1755
37749	1756
37755	1757
37763	1758
37778	1759
37784	1760
37788	1761
37793	1762
37810	1763
37833	1764
37844	1765
37877	1766
37883	1767
37891	1768
37902	1769
37907	1770
37926	1771
37931	1772
37938	1773
37951	1774
37962	1775
37973	1776
37984	1777
38010	1778
38061	1779
38100	1780
38111	1781
38131	1782
38151	1783
38172	1784
38193	1785
38201	1786
38214	1787
38228	1788
38254	1789
38264	1790
38275	1791
38279	1792
38307	1793
38355	1794
38402	1795
38408	1796
38423	1797
38432	1798
38496	1799
38549	1800
38552	1801
38579	1802
38593	1803
38608	1804
38652	1805
38709	1806
38715	1807
38730	1808
38741	1809
38754	1810
38763	1811
38771	1812
38775	1813
38781	1814
38791	1815
38806	1816
38833	1817
38841	1818
38859	1819
38888	1820
38905	1821
38911	1822
38921	1823
38933	1824
38944	1825
38962	1826
38995	1827
39027	1828
39064	1829
39086	1830
39147	1831
39152	1832
39157	1833
39179	1834
39198	1835
39226	1836
39251	1837
39277	1838
39280	1839
39284	1840
39301	1841
39306	1842
39313	1843
39351	1844
39373	1845
39380	1846
39381	1847
39446	1848
39458	1849
39472	1850
39479	1851
39481	1852
39503	1853
39509	1854
39549	1855
39567	1856
39665	1857
39718	1858
39723	1859
39735	1860
39738	1861
39760	1862
39764	1863
39789	1864
39818	1865
39887	1866
39899	1867
39903	1868
39917	1869
39976	1870
39991	1871
40016	1872
40024	1873
40047	1874
40055	1875
40068	1876
40089	1877
40136	1878
40191	1879
40194	1880
40204	1881
40240	1882
40244	1883
40257	1884
40266	1885
40278	1886
40326	1887
40361	1888
40378	1889
40383	1890
40394	1891
40419	1892
40421	1893
40426	1894
40428	1895
40434	1896
40445	1897
40447	1898
40455	1899
40501	1900
40528	1901
40534	1902
40584	1903
40591	1904
40622	1905
40627	1906
40655	1907
40672	1908
40685	1909
40705	1910
40709	1911
40726	1912
40759	1913
40783	1914
40807	1915
40827	1916
40904	1917
40910	1918
40926	1919
40930	1920
41028	1921
41063	1922
41078	1923
41089	1924
41113	1925
41141	1926
41153	1927
41159	1928
41168	1929
41173	1930
41178	1931
41208	1932
41213	1933
41228	1934
41232	1935
41240	1936
41264	1937
41274	1938
41298	1939
41328	1940
41355	1941
41418	1942
41424	1943
41450	1944
41471	1945
41477	1946
41522	1947
41549	1948
41570	1949
41583	1950
41634	1951
41646	1952
41659	1953
41735	1954
41740	1955
41757	1956
41767	1957
41772	1958
41779	1959
41801	1960
41814	1961
41816	1962
41833	1963
41848	1964
41849	1965
41882	1966
41908	1967
41925	1968
41933	1969
41948	1970
41951	1971
41964	1972
41983	1973
41995	1974
42016	1975
42038	1976
42043	1977
42090	1978
42093	1979
42105	1980
42128	1981
42171	1982
42182	1983
42187	1984
42244	1985
42253	1986
42258	1987
42277	1988
42302	1989
42314	1990
42351	1991
42384	1992
42441	1993
42513	1994
42531	1995
42551	1996
42639	1997
42651	1998
42658	1999
42686	2000
42706	2001
42738	2002
42763	2003
42770	2004
42790	2005
42797	2006
42809	2007
42824	2008
42827	2009
42844	2010
42869	2011
42880	2012
42891	2013
42895	2014
42900	2015
42903	2016
42939	2017
42951	2018
42968	2019
42972	2020
43005	2021
43026	2022
43031	2023
43058	2024
43137	2025
43140	2026
43144	2027
43212	2028
43247	2029
43250	2030
43254	2031
43279	2032
43360	2033
43378	2034
43391	2035
43410	2036
43415	2037
43418	2038
43434	2039
43456	2040
43461	2041
43476	2042
43483	2043
43496	2044
43505	2045
43510	2046
43524	2047
43535	2048
43561	2049
43636	2050
43671	2051
43688	2052
43731	2053
43735	2054
43750	2055
43799	2056
43867	2057
43875	2058
43882	2059
43895	2060
43899	2061
43915	2062
43935	2063
43969	2064
43972	2065
43983	2066
43992	2067
43996	2068
44027	2069
44031	2070
44067	2071
44096	2072
44100	2073
44116	2074
44123	2075
44132	2076
44140	2077
44155	2078
44174	2079
44177	2080
44189	2081
44253	2082
44277	2083
44355	2084
44410	2085
44435	2086
44483	2087
44491	2088
44504	2089
44509	2090
44564	2091
44574	2092
44583	2093
44596	2094
44605	2095
44609	2096
44625	2097
44689	2098
44694	2099
44748	2100
44777	2101
44815	2102
44840	2103
44846	2104
44852	2105
44857	2106
44878	2107
44887	2108
44892	2109
44910	2110
44918	2111
44938	2112
44992	2113
45031	2114
45060	2115
45128	2116
45132	2117
45140	2118
45151	2119
45164	2120
45182	2121
45193	2122
45215	2123
45219	2124
45231	2125
45235	2126
45240	2127
45260	2128
45305	2129
45352	2130
45372	2131
45445	2132
45468	2133
45484	2134
45489	2135
45505	2136
45529	2137
45541	2138
45552	2139
45598	2140
45610	2141
45639	2142
45667	2143
45680	2144
45708	2145
45713	2146
45727	2147
45780	2148
45795	2149
45800	2150
45805	2151
45872	2152
45893	2153
45914	2154
45932	2155
45948	2156
45958	2157
45989	2158
45993	2159
46005	2160
46031	2161
46034	2162
46065	2163
46068	2164
46103	2165
46144	2166
46152	2167
46155	2168
46168	2169
46198	2170
46200	2171
46205	2172
46238	2173
46300	2174
46308	2175
46355	2176
46401	2177
46408	2178
46433	2179
46469	2180
46479	2181
46603	2182
46682	2183
46692	2184
46701	2185
46730	2186
46752	2187
46782	2188
46789	2189
46798	2190
46832	2191
46839	2192
46862	2193
46883	2194
46888	2195
46897	2196
46905	2197
46968	2198
46976	2199
47137	2200
47154	2201
47264	2202
47284	2203
47336	2204
47375	2205
47422	2206
47456	2207
47498	2208
47503	2209
47508	2210
47548	2211
47555	2212
47565	2213
47579	2214
47584	2215
47598	2216
47603	2217
47620	2218
47632	2219
47638	2220
47650	2221
47671	2222
47678	2223
47685	2224
47706	2225
47728	2226
47754	2227
47764	2228
47777	2229
47791	2230
47798	2231
47800	2232
47802	2233
47822	2234
47826	2235
47835	2236
47843	2237
47846	2238
47848	2239
47862	2240
47910	2241
47938	2242
47943	2243
48008	2244
48070	2245
48073	2246
48100	2247
48129	2248
48154	2249
48166	2250
48314	2251
48421	2252
48457	2253
48472	2254
48525	2255
48529	2256
48557	2257
48578	2258
48592	2259
48630	2260
48634	2261
48638	2262
48659	2263
